<?xml version="1.0" encoding="UTF-8"?>
<testng-results skipped="0" failed="0" ignored="0" total="1" passed="1">
  <reporter-output>
  </reporter-output>
  <suite name="Suite" duration-ms="7954" started-at="2018-12-05T01:35:48Z" finished-at="2018-12-05T01:35:56Z">
    <groups>
    </groups>
    <test name="Test" duration-ms="7954" started-at="2018-12-05T01:35:48Z" finished-at="2018-12-05T01:35:56Z">
      <class name="com.Maven.BaseClass">
        <test-method status="PASS" signature="setUp()[pri:0, instance:com.Maven.BaseClass@9660f4e]" name="setUp" duration-ms="7923" started-at="2018-12-05T01:35:48Z" finished-at="2018-12-05T01:35:56Z">
          <reporter-output>
          </reporter-output>
        </test-method> <!-- setUp -->
      </class> <!-- com.Maven.BaseClass -->
    </test> <!-- Test -->
  </suite> <!-- Suite -->
</testng-results>
