<?xml version="1.0" encoding="UTF-8"?>
<testng-results skipped="0" failed="0" ignored="0" total="1" passed="1">
  <reporter-output>
  </reporter-output>
  <suite name="Default suite" duration-ms="2037" started-at="2018-12-09T15:24:14Z" finished-at="2018-12-09T15:24:16Z">
    <groups>
    </groups>
    <test name="Default test" duration-ms="2037" started-at="2018-12-09T15:24:14Z" finished-at="2018-12-09T15:24:16Z">
      <class name="com.Maven.BaseClass">
        <test-method status="PASS" signature="setUp()[pri:0, instance:com.Maven.BaseClass@5f3a4b84]" name="setUp" duration-ms="2016" started-at="2018-12-09T15:24:14Z" finished-at="2018-12-09T15:24:16Z">
          <reporter-output>
          </reporter-output>
        </test-method> <!-- setUp -->
      </class> <!-- com.Maven.BaseClass -->
    </test> <!-- Default test -->
  </suite> <!-- Default suite -->
</testng-results>
